{"/home/chris/codefellows/401/lab-03/lib/reader-callback-extended.js": {"path":"/home/chris/codefellows/401/lab-03/lib/reader-callback-extended.js","statementMap":{"0":{"start":{"line":3,"column":11},"end":{"line":3,"column":24}},"1":{"start":{"line":10,"column":0},"end":{"line":12,"column":2}},"2":{"start":{"line":11,"column":2},"end":{"line":11,"column":31}},"3":{"start":{"line":22,"column":16},"end":{"line":27,"column":1}},"4":{"start":{"line":23,"column":2},"end":{"line":26,"column":5}},"5":{"start":{"line":24,"column":4},"end":{"line":25,"column":39}},"6":{"start":{"line":24,"column":14},"end":{"line":24,"column":28}},"7":{"start":{"line":25,"column":11},"end":{"line":25,"column":37}},"8":{"start":{"line":35,"column":16},"end":{"line":59,"column":1}},"9":{"start":{"line":36,"column":2},"end":{"line":36,"column":39}},"10":{"start":{"line":36,"column":26},"end":{"line":36,"column":38}},"11":{"start":{"line":37,"column":2},"end":{"line":46,"column":3}},"12":{"start":{"line":38,"column":19},"end":{"line":38,"column":21}},"13":{"start":{"line":39,"column":4},"end":{"line":45,"column":7}},"14":{"start":{"line":40,"column":6},"end":{"line":44,"column":7}},"15":{"start":{"line":40,"column":15},"end":{"line":40,"column":29}},"16":{"start":{"line":42,"column":8},"end":{"line":42,"column":46}},"17":{"start":{"line":43,"column":8},"end":{"line":43,"column":38}},"18":{"start":{"line":47,"column":2},"end":{"line":58,"column":3}},"19":{"start":{"line":48,"column":19},"end":{"line":48,"column":21}},"20":{"start":{"line":49,"column":4},"end":{"line":57,"column":7}},"21":{"start":{"line":50,"column":6},"end":{"line":56,"column":9}},"22":{"start":{"line":51,"column":8},"end":{"line":55,"column":9}},"23":{"start":{"line":51,"column":17},"end":{"line":51,"column":31}},"24":{"start":{"line":53,"column":10},"end":{"line":53,"column":48}},"25":{"start":{"line":54,"column":10},"end":{"line":54,"column":40}}},"fnMap":{"0":{"name":"(anonymous_0)","decl":{"start":{"line":10,"column":27},"end":{"line":10,"column":28}},"loc":{"start":{"line":10,"column":48},"end":{"line":12,"column":1}},"line":10},"1":{"name":"(anonymous_1)","decl":{"start":{"line":22,"column":16},"end":{"line":22,"column":17}},"loc":{"start":{"line":22,"column":36},"end":{"line":27,"column":1}},"line":22},"2":{"name":"(anonymous_2)","decl":{"start":{"line":23,"column":21},"end":{"line":23,"column":22}},"loc":{"start":{"line":23,"column":36},"end":{"line":26,"column":3}},"line":23},"3":{"name":"(anonymous_3)","decl":{"start":{"line":35,"column":16},"end":{"line":35,"column":17}},"loc":{"start":{"line":35,"column":37},"end":{"line":59,"column":1}},"line":35},"4":{"name":"(anonymous_4)","decl":{"start":{"line":39,"column":22},"end":{"line":39,"column":23}},"loc":{"start":{"line":39,"column":37},"end":{"line":45,"column":5}},"line":39},"5":{"name":"(anonymous_5)","decl":{"start":{"line":49,"column":18},"end":{"line":49,"column":19}},"loc":{"start":{"line":49,"column":28},"end":{"line":57,"column":5}},"line":49},"6":{"name":"(anonymous_6)","decl":{"start":{"line":50,"column":20},"end":{"line":50,"column":21}},"loc":{"start":{"line":50,"column":35},"end":{"line":56,"column":7}},"line":50}},"branchMap":{"0":{"loc":{"start":{"line":24,"column":4},"end":{"line":25,"column":39}},"type":"if","locations":[{"start":{"line":24,"column":4},"end":{"line":25,"column":39}},{"start":{"line":24,"column":4},"end":{"line":25,"column":39}}],"line":24},"1":{"loc":{"start":{"line":36,"column":2},"end":{"line":36,"column":39}},"type":"if","locations":[{"start":{"line":36,"column":2},"end":{"line":36,"column":39}},{"start":{"line":36,"column":2},"end":{"line":36,"column":39}}],"line":36},"2":{"loc":{"start":{"line":37,"column":2},"end":{"line":46,"column":3}},"type":"if","locations":[{"start":{"line":37,"column":2},"end":{"line":46,"column":3}},{"start":{"line":37,"column":2},"end":{"line":46,"column":3}}],"line":37},"3":{"loc":{"start":{"line":40,"column":6},"end":{"line":44,"column":7}},"type":"if","locations":[{"start":{"line":40,"column":6},"end":{"line":44,"column":7}},{"start":{"line":40,"column":6},"end":{"line":44,"column":7}}],"line":40},"4":{"loc":{"start":{"line":47,"column":2},"end":{"line":58,"column":3}},"type":"if","locations":[{"start":{"line":47,"column":2},"end":{"line":58,"column":3}},{"start":{"line":47,"column":2},"end":{"line":58,"column":3}}],"line":47},"5":{"loc":{"start":{"line":51,"column":8},"end":{"line":55,"column":9}},"type":"if","locations":[{"start":{"line":51,"column":8},"end":{"line":55,"column":9}},{"start":{"line":51,"column":8},"end":{"line":55,"column":9}}],"line":51}},"s":{"0":1,"1":1,"2":4,"3":1,"4":4,"5":4,"6":1,"7":3,"8":1,"9":4,"10":0,"11":4,"12":2,"13":2,"14":2,"15":1,"16":1,"17":1,"18":4,"19":2,"20":2,"21":2,"22":2,"23":0,"24":2,"25":2},"f":{"0":4,"1":4,"2":4,"3":4,"4":2,"5":2,"6":2},"b":{"0":[1,3],"1":[0,4],"2":[2,2],"3":[1,1],"4":[2,2],"5":[0,2]},"_coverageSchema":"332fd63041d2c1bcb487cc26dd0d5f7d97098a6c","hash":"e58d7e17b594f83155ebda358e45142136efe769"}
,"/home/chris/codefellows/401/lab-03/lib/reader-promises.js": {"path":"/home/chris/codefellows/401/lab-03/lib/reader-promises.js","statementMap":{"0":{"start":{"line":3,"column":11},"end":{"line":3,"column":24}},"1":{"start":{"line":4,"column":13},"end":{"line":4,"column":28}},"2":{"start":{"line":5,"column":17},"end":{"line":5,"column":44}},"3":{"start":{"line":12,"column":0},"end":{"line":14,"column":2}},"4":{"start":{"line":13,"column":2},"end":{"line":13,"column":22}},"5":{"start":{"line":24,"column":16},"end":{"line":26,"column":1}},"6":{"start":{"line":25,"column":2},"end":{"line":25,"column":24}},"7":{"start":{"line":34,"column":16},"end":{"line":55,"column":1}},"8":{"start":{"line":35,"column":17},"end":{"line":35,"column":19}},"9":{"start":{"line":36,"column":2},"end":{"line":36,"column":39}},"10":{"start":{"line":36,"column":26},"end":{"line":36,"column":38}},"11":{"start":{"line":37,"column":2},"end":{"line":44,"column":3}},"12":{"start":{"line":38,"column":4},"end":{"line":38,"column":23}},"13":{"start":{"line":39,"column":4},"end":{"line":43,"column":9}},"14":{"start":{"line":41,"column":8},"end":{"line":41,"column":46}},"15":{"start":{"line":42,"column":8},"end":{"line":42,"column":24}},"16":{"start":{"line":45,"column":2},"end":{"line":54,"column":3}},"17":{"start":{"line":46,"column":4},"end":{"line":52,"column":7}},"18":{"start":{"line":47,"column":6},"end":{"line":47,"column":24}},"19":{"start":{"line":48,"column":6},"end":{"line":51,"column":11}},"20":{"start":{"line":50,"column":10},"end":{"line":50,"column":48}},"21":{"start":{"line":53,"column":4},"end":{"line":53,"column":20}}},"fnMap":{"0":{"name":"(anonymous_0)","decl":{"start":{"line":12,"column":27},"end":{"line":12,"column":28}},"loc":{"start":{"line":12,"column":38},"end":{"line":14,"column":1}},"line":12},"1":{"name":"(anonymous_1)","decl":{"start":{"line":24,"column":16},"end":{"line":24,"column":17}},"loc":{"start":{"line":24,"column":26},"end":{"line":26,"column":1}},"line":24},"2":{"name":"(anonymous_2)","decl":{"start":{"line":34,"column":16},"end":{"line":34,"column":17}},"loc":{"start":{"line":34,"column":27},"end":{"line":55,"column":1}},"line":34},"3":{"name":"(anonymous_3)","decl":{"start":{"line":40,"column":12},"end":{"line":40,"column":13}},"loc":{"start":{"line":40,"column":20},"end":{"line":43,"column":7}},"line":40},"4":{"name":"(anonymous_4)","decl":{"start":{"line":46,"column":18},"end":{"line":46,"column":19}},"loc":{"start":{"line":46,"column":28},"end":{"line":52,"column":5}},"line":46},"5":{"name":"(anonymous_5)","decl":{"start":{"line":49,"column":14},"end":{"line":49,"column":15}},"loc":{"start":{"line":49,"column":22},"end":{"line":51,"column":9}},"line":49}},"branchMap":{"0":{"loc":{"start":{"line":36,"column":2},"end":{"line":36,"column":39}},"type":"if","locations":[{"start":{"line":36,"column":2},"end":{"line":36,"column":39}},{"start":{"line":36,"column":2},"end":{"line":36,"column":39}}],"line":36},"1":{"loc":{"start":{"line":37,"column":2},"end":{"line":44,"column":3}},"type":"if","locations":[{"start":{"line":37,"column":2},"end":{"line":44,"column":3}},{"start":{"line":37,"column":2},"end":{"line":44,"column":3}}],"line":37},"2":{"loc":{"start":{"line":45,"column":2},"end":{"line":54,"column":3}},"type":"if","locations":[{"start":{"line":45,"column":2},"end":{"line":54,"column":3}},{"start":{"line":45,"column":2},"end":{"line":54,"column":3}}],"line":45}},"s":{"0":1,"1":1,"2":1,"3":1,"4":4,"5":1,"6":7,"7":1,"8":4,"9":4,"10":0,"11":4,"12":2,"13":2,"14":1,"15":1,"16":2,"17":2,"18":5,"19":5,"20":5,"21":2},"f":{"0":4,"1":7,"2":4,"3":1,"4":5,"5":5},"b":{"0":[0,4],"1":[2,2],"2":[2,0]},"_coverageSchema":"332fd63041d2c1bcb487cc26dd0d5f7d97098a6c","hash":"b653a74b0b0ec030977a555a0c28f7b3830b193b"}
,"/home/chris/codefellows/401/lab-03/lib/reader.js": {"path":"/home/chris/codefellows/401/lab-03/lib/reader.js","statementMap":{"0":{"start":{"line":3,"column":11},"end":{"line":3,"column":24}},"1":{"start":{"line":8,"column":0},"end":{"line":10,"column":2}},"2":{"start":{"line":9,"column":2},"end":{"line":9,"column":31}},"3":{"start":{"line":17,"column":16},"end":{"line":22,"column":1}},"4":{"start":{"line":18,"column":2},"end":{"line":21,"column":5}},"5":{"start":{"line":19,"column":4},"end":{"line":20,"column":39}},"6":{"start":{"line":19,"column":14},"end":{"line":19,"column":28}},"7":{"start":{"line":20,"column":11},"end":{"line":20,"column":37}},"8":{"start":{"line":30,"column":16},"end":{"line":60,"column":1}},"9":{"start":{"line":31,"column":17},"end":{"line":31,"column":19}},"10":{"start":{"line":32,"column":2},"end":{"line":59,"column":5}},"11":{"start":{"line":33,"column":4},"end":{"line":58,"column":5}},"12":{"start":{"line":34,"column":6},"end":{"line":34,"column":21}},"13":{"start":{"line":37,"column":6},"end":{"line":37,"column":39}},"14":{"start":{"line":38,"column":6},"end":{"line":38,"column":44}},"15":{"start":{"line":39,"column":6},"end":{"line":57,"column":9}},"16":{"start":{"line":40,"column":8},"end":{"line":56,"column":9}},"17":{"start":{"line":41,"column":10},"end":{"line":41,"column":25}},"18":{"start":{"line":44,"column":10},"end":{"line":44,"column":43}},"19":{"start":{"line":45,"column":10},"end":{"line":45,"column":48}},"20":{"start":{"line":46,"column":10},"end":{"line":55,"column":13}},"21":{"start":{"line":47,"column":12},"end":{"line":53,"column":13}},"22":{"start":{"line":48,"column":14},"end":{"line":48,"column":29}},"23":{"start":{"line":51,"column":14},"end":{"line":51,"column":47}},"24":{"start":{"line":52,"column":14},"end":{"line":52,"column":52}},"25":{"start":{"line":54,"column":12},"end":{"line":54,"column":42}}},"fnMap":{"0":{"name":"(anonymous_0)","decl":{"start":{"line":8,"column":27},"end":{"line":8,"column":28}},"loc":{"start":{"line":8,"column":48},"end":{"line":10,"column":1}},"line":8},"1":{"name":"(anonymous_1)","decl":{"start":{"line":17,"column":16},"end":{"line":17,"column":17}},"loc":{"start":{"line":17,"column":36},"end":{"line":22,"column":1}},"line":17},"2":{"name":"(anonymous_2)","decl":{"start":{"line":18,"column":21},"end":{"line":18,"column":22}},"loc":{"start":{"line":18,"column":36},"end":{"line":21,"column":3}},"line":18},"3":{"name":"(anonymous_3)","decl":{"start":{"line":30,"column":16},"end":{"line":30,"column":17}},"loc":{"start":{"line":30,"column":37},"end":{"line":60,"column":1}},"line":30},"4":{"name":"(anonymous_4)","decl":{"start":{"line":32,"column":20},"end":{"line":32,"column":21}},"loc":{"start":{"line":32,"column":35},"end":{"line":59,"column":3}},"line":32},"5":{"name":"(anonymous_5)","decl":{"start":{"line":39,"column":24},"end":{"line":39,"column":25}},"loc":{"start":{"line":39,"column":39},"end":{"line":57,"column":7}},"line":39},"6":{"name":"(anonymous_6)","decl":{"start":{"line":46,"column":28},"end":{"line":46,"column":29}},"loc":{"start":{"line":46,"column":43},"end":{"line":55,"column":11}},"line":46}},"branchMap":{"0":{"loc":{"start":{"line":19,"column":4},"end":{"line":20,"column":39}},"type":"if","locations":[{"start":{"line":19,"column":4},"end":{"line":20,"column":39}},{"start":{"line":19,"column":4},"end":{"line":20,"column":39}}],"line":19},"1":{"loc":{"start":{"line":33,"column":4},"end":{"line":58,"column":5}},"type":"if","locations":[{"start":{"line":33,"column":4},"end":{"line":58,"column":5}},{"start":{"line":33,"column":4},"end":{"line":58,"column":5}}],"line":33},"2":{"loc":{"start":{"line":40,"column":8},"end":{"line":56,"column":9}},"type":"if","locations":[{"start":{"line":40,"column":8},"end":{"line":56,"column":9}},{"start":{"line":40,"column":8},"end":{"line":56,"column":9}}],"line":40},"3":{"loc":{"start":{"line":47,"column":12},"end":{"line":53,"column":13}},"type":"if","locations":[{"start":{"line":47,"column":12},"end":{"line":53,"column":13}},{"start":{"line":47,"column":12},"end":{"line":53,"column":13}}],"line":47}},"s":{"0":1,"1":1,"2":2,"3":1,"4":4,"5":4,"6":1,"7":3,"8":1,"9":2,"10":2,"11":2,"12":1,"13":1,"14":1,"15":1,"16":1,"17":0,"18":1,"19":1,"20":1,"21":1,"22":0,"23":1,"24":1,"25":1},"f":{"0":2,"1":4,"2":4,"3":2,"4":2,"5":1,"6":1},"b":{"0":[1,3],"1":[1,1],"2":[0,1],"3":[0,1]},"_coverageSchema":"332fd63041d2c1bcb487cc26dd0d5f7d97098a6c","hash":"25a12eec2fc4669922adc788c7f3b506070bcc8b"}
}
