TN:
SF:/home/chris/codefellows/401/lab-03/lib/reader-callback-extended.js
FN:10,(anonymous_0)
FN:22,(anonymous_1)
FN:23,(anonymous_2)
FN:35,(anonymous_3)
FN:39,(anonymous_4)
FN:49,(anonymous_5)
FN:50,(anonymous_6)
FNF:7
FNH:7
FNDA:4,(anonymous_0)
FNDA:4,(anonymous_1)
FNDA:4,(anonymous_2)
FNDA:4,(anonymous_3)
FNDA:2,(anonymous_4)
FNDA:2,(anonymous_5)
FNDA:2,(anonymous_6)
DA:3,1
DA:10,1
DA:11,4
DA:22,1
DA:23,4
DA:24,4
DA:25,3
DA:35,1
DA:36,4
DA:37,4
DA:38,2
DA:39,2
DA:40,2
DA:42,1
DA:43,1
DA:47,4
DA:48,2
DA:49,2
DA:50,2
DA:51,2
DA:53,2
DA:54,2
LF:22
LH:22
BRDA:24,0,0,1
BRDA:24,0,1,3
BRDA:36,1,0,0
BRDA:36,1,1,4
BRDA:37,2,0,2
BRDA:37,2,1,2
BRDA:40,3,0,1
BRDA:40,3,1,1
BRDA:47,4,0,2
BRDA:47,4,1,2
BRDA:51,5,0,0
BRDA:51,5,1,2
BRF:12
BRH:10
end_of_record
TN:
SF:/home/chris/codefellows/401/lab-03/lib/reader-promises.js
FN:12,(anonymous_0)
FN:24,(anonymous_1)
FN:34,(anonymous_2)
FN:40,(anonymous_3)
FN:46,(anonymous_4)
FN:49,(anonymous_5)
FNF:6
FNH:6
FNDA:4,(anonymous_0)
FNDA:7,(anonymous_1)
FNDA:4,(anonymous_2)
FNDA:1,(anonymous_3)
FNDA:5,(anonymous_4)
FNDA:5,(anonymous_5)
DA:3,1
DA:4,1
DA:5,1
DA:12,1
DA:13,4
DA:24,1
DA:25,7
DA:34,1
DA:35,4
DA:36,4
DA:37,4
DA:38,2
DA:39,2
DA:41,1
DA:42,1
DA:45,2
DA:46,2
DA:47,5
DA:48,5
DA:50,5
DA:53,2
LF:21
LH:21
BRDA:36,0,0,0
BRDA:36,0,1,4
BRDA:37,1,0,2
BRDA:37,1,1,2
BRDA:45,2,0,2
BRDA:45,2,1,0
BRF:6
BRH:4
end_of_record
TN:
SF:/home/chris/codefellows/401/lab-03/lib/reader.js
FN:8,(anonymous_0)
FN:17,(anonymous_1)
FN:18,(anonymous_2)
FN:30,(anonymous_3)
FN:32,(anonymous_4)
FN:39,(anonymous_5)
FN:46,(anonymous_6)
FNF:7
FNH:7
FNDA:2,(anonymous_0)
FNDA:4,(anonymous_1)
FNDA:4,(anonymous_2)
FNDA:2,(anonymous_3)
FNDA:2,(anonymous_4)
FNDA:1,(anonymous_5)
FNDA:1,(anonymous_6)
DA:3,1
DA:8,1
DA:9,2
DA:17,1
DA:18,4
DA:19,4
DA:20,3
DA:30,1
DA:31,2
DA:32,2
DA:33,2
DA:34,1
DA:37,1
DA:38,1
DA:39,1
DA:40,1
DA:41,0
DA:44,1
DA:45,1
DA:46,1
DA:47,1
DA:48,0
DA:51,1
DA:52,1
DA:54,1
LF:25
LH:23
BRDA:19,0,0,1
BRDA:19,0,1,3
BRDA:33,1,0,1
BRDA:33,1,1,1
BRDA:40,2,0,0
BRDA:40,2,1,1
BRDA:47,3,0,0
BRDA:47,3,1,1
BRF:8
BRH:6
end_of_record
