TN:
SF:/home/chris/codefellows/401/lab-03/lib/reader.js
FN:8,(anonymous_0)
FN:17,(anonymous_1)
FN:18,(anonymous_2)
FN:30,(anonymous_3)
FN:32,(anonymous_4)
FN:39,(anonymous_5)
FN:46,(anonymous_6)
FNF:7
FNH:7
FNDA:2,(anonymous_0)
FNDA:4,(anonymous_1)
FNDA:4,(anonymous_2)
FNDA:2,(anonymous_3)
FNDA:2,(anonymous_4)
FNDA:1,(anonymous_5)
FNDA:1,(anonymous_6)
DA:3,1
DA:8,1
DA:9,2
DA:17,1
DA:18,4
DA:19,4
DA:20,3
DA:30,1
DA:31,2
DA:32,2
DA:33,2
DA:34,1
DA:37,1
DA:38,1
DA:39,1
DA:40,1
DA:41,0
DA:44,1
DA:45,1
DA:46,1
DA:47,1
DA:48,0
DA:51,1
DA:52,1
DA:54,1
LF:25
LH:23
BRDA:19,0,0,1
BRDA:19,0,1,3
BRDA:33,1,0,1
BRDA:33,1,1,1
BRDA:40,2,0,0
BRDA:40,2,1,1
BRDA:47,3,0,0
BRDA:47,3,1,1
BRF:8
BRH:6
end_of_record
